#
# There is insufficient memory for the Java Runtime Environment to continue.
# Native memory allocation (malloc) failed to allocate 1048576 bytes for AllocateHeap
# Possible reasons:
#   The system is out of physical RAM or swap space
#   In 32 bit mode, the process size limit was hit
# Possible solutions:
#   Reduce memory load on the system
#   Increase physical memory or swap space
#   Check if swap backing store is full
#   Use 64 bit Java on a 64 bit OS
#   Decrease Java heap size (-Xmx/-Xms)
#   Decrease number of Java threads
#   Decrease Java thread stack sizes (-Xss)
#   Set larger code cache with -XX:ReservedCodeCacheSize=
# This output file may be truncated or incomplete.
#
#  Out of Memory Error (memory/allocation.inline.hpp:61), pid=19732, tid=0x000000000000a23c
#
# JRE version:  (8.0) (build )
# Java VM: OpenJDK 64-Bit Server VM (25.71-b00 mixed mode windows-amd64 compressed oops)
# Failed to write core dump. Minidumps are not enabled by default on client versions of Windows
#

---------------  T H R E A D  ---------------

Current thread (0x000000000296d800):  JavaThread "Unknown thread" [_thread_in_vm, id=41532, stack(0x00000000027a0000,0x00000000028a0000)]

Stack: [0x00000000027a0000,0x00000000028a0000]
[error occurred during error reporting (printing stack bounds), id 0xc0000005]

Native frames: (J=compiled Java code, j=interpreted, Vv=VM code, C=native code)


---------------  P R O C E S S  ---------------

Java Threads: ( => current thread )

Other Threads:

=>0x000000000296d800 (exited) JavaThread "Unknown thread" [_thread_in_vm, id=41532, stack(0x00000000027a0000,0x00000000028a0000)]

VM state:not at safepoint (normal execution)

VM Mutex/Monitor currently owned by a thread: None

Heap:
 PSYoungGen      total 152576K, used 2621K [0x0000000716100000, 0x0000000720b00000, 0x00000007c0000000)
  eden space 131072K, 2% used [0x0000000716100000,0x000000071638f5d0,0x000000071e100000)
  from space 21504K, 0% used [0x000000071f600000,0x000000071f600000,0x0000000720b00000)
  to   space 21504K, 0% used [0x000000071e100000,0x000000071e100000,0x000000071f600000)
 ParOldGen       total 348160K, used 0K [0x00000005c2200000, 0x00000005d7600000, 0x0000000716100000)
  object space 348160K, 0% used [0x00000005c2200000,0x00000005c2200000,0x00000005d7600000)
 Metaspace       used 777K, capacity 4480K, committed 4480K, reserved 1056768K
  class space    used 74K, capacity 384K, committed 384K, reserved 1048576K

Card table byte_map: [0x0000000011e30000,0x0000000012e20000] byte_map_base: 0x000000000f01f000

Marking Bits: (ParMarkBitMap*) 0x0000000070abbe50
 Begin Bits: [0x00000000142c0000, 0x000000001c238000)
 End Bits:   [0x000000001c238000, 0x00000000241b0000)

Polling page: 0x0000000000c50000

CodeCache: size=245760Kb used=328Kb max_used=328Kb free=245431Kb
 bounds [0x0000000002a70000, 0x0000000002ce0000, 0x0000000011a70000]
 total_blobs=57 nmethods=0 adapters=38
 compilation: enabled

Compilation events (0 events):
No events

GC Heap History (0 events):
No events

Deoptimization events (0 events):
No events

Classes redefined (0 events):
No events

Internal exceptions (0 events):
No events

Events (10 events):
Event: 0.065 loading class java/lang/Short
Event: 0.065 loading class java/lang/Short done
Event: 0.065 loading class java/lang/Integer
Event: 0.065 loading class java/lang/Integer done
Event: 0.065 loading class java/lang/Long
Event: 0.065 loading class java/lang/Long done
Event: 0.065 loading class java/lang/NullPointerException
Event: 0.065 loading class java/lang/NullPointerException done
Event: 0.065 loading class java/lang/ArithmeticException
Event: 0.065 loading class java/lang/ArithmeticException done


Dynamic libraries:
0x00007ff64a080000 - 0x00007ff64a0b5000 	C:\Program Files\Unity\Hub\Editor\2021.3.14f1\Editor\Data\PlaybackEngines\AndroidPlayer\OpenJDK\bin\java.exe
0x00007ffb03610000 - 0x00007ffb03824000 	C:\WINDOWS\SYSTEM32\ntdll.dll
0x00007ffb01a90000 - 0x00007ffb01b52000 	C:\WINDOWS\System32\KERNEL32.DLL
0x00007ffb00b90000 - 0x00007ffb00f33000 	C:\WINDOWS\System32\KERNELBASE.dll
0x00007ffb01410000 - 0x00007ffb014be000 	C:\WINDOWS\System32\ADVAPI32.dll
0x00007ffb01530000 - 0x00007ffb015d7000 	C:\WINDOWS\System32\msvcrt.dll
0x00007ffb016d0000 - 0x00007ffb01774000 	C:\WINDOWS\System32\sechost.dll
0x00007ffb01ef0000 - 0x00007ffb02007000 	C:\WINDOWS\System32\RPCRT4.dll
0x00007ffb02060000 - 0x00007ffb0220b000 	C:\WINDOWS\System32\USER32.dll
0x00007ffb01180000 - 0x00007ffb011a6000 	C:\WINDOWS\System32\win32u.dll
0x00007ffb035a0000 - 0x00007ffb035c9000 	C:\WINDOWS\System32\GDI32.dll
0x00007ffb00f40000 - 0x00007ffb01058000 	C:\WINDOWS\System32\gdi32full.dll
0x00007ffb00af0000 - 0x00007ffb00b8a000 	C:\WINDOWS\System32\msvcp_win.dll
0x00007ffb01060000 - 0x00007ffb01171000 	C:\WINDOWS\System32\ucrtbase.dll
0x00007ffaef460000 - 0x00007ffaef6ee000 	C:\WINDOWS\WinSxS\amd64_microsoft.windows.common-controls_6595b64144ccf1df_6.0.22621.1635_none_270f70857386168e\COMCTL32.dll
0x00007ffb03210000 - 0x00007ffb03241000 	C:\WINDOWS\System32\IMM32.DLL
0x0000000070b40000 - 0x0000000070c12000 	C:\Program Files\Unity\Hub\Editor\2021.3.14f1\Editor\Data\PlaybackEngines\AndroidPlayer\OpenJDK\jre\bin\msvcr100.dll
0x00000000702f0000 - 0x0000000070b39000 	C:\Program Files\Unity\Hub\Editor\2021.3.14f1\Editor\Data\PlaybackEngines\AndroidPlayer\OpenJDK\jre\bin\server\jvm.dll
0x00007ffb015e0000 - 0x00007ffb015e8000 	C:\WINDOWS\System32\PSAPI.DLL
0x00007ffa6ec60000 - 0x00007ffa6ec69000 	C:\WINDOWS\SYSTEM32\WSOCK32.dll
0x00007ffafaf30000 - 0x00007ffafaf3a000 	C:\WINDOWS\SYSTEM32\VERSION.dll
0x00007ffaf7300000 - 0x00007ffaf7334000 	C:\WINDOWS\SYSTEM32\WINMM.dll
0x00007ffb03520000 - 0x00007ffb03591000 	C:\WINDOWS\System32\WS2_32.dll
0x00007ffadab70000 - 0x00007ffadab7f000 	C:\Program Files\Unity\Hub\Editor\2021.3.14f1\Editor\Data\PlaybackEngines\AndroidPlayer\OpenJDK\jre\bin\verify.dll
0x00007ffadab40000 - 0x00007ffadab69000 	C:\Program Files\Unity\Hub\Editor\2021.3.14f1\Editor\Data\PlaybackEngines\AndroidPlayer\OpenJDK\jre\bin\java.dll
0x00007ffad3c90000 - 0x00007ffad3ca6000 	C:\Program Files\Unity\Hub\Editor\2021.3.14f1\Editor\Data\PlaybackEngines\AndroidPlayer\OpenJDK\jre\bin\zip.dll

VM Arguments:
java_command: <unknown>
java_class_path (initial): .
Launcher Type: SUN_STANDARD

Environment Variables:
JAVA_HOME=C:/Program Files/Unity/Hub/Editor/2021.3.14f1/Editor/Data/PlaybackEngines/AndroidPlayer\OpenJDK
PATH=C:\WINDOWS\system32;C:\WINDOWS;C:\WINDOWS\System32\Wbem;C:\WINDOWS\System32\WindowsPowerShell\v1.0\;C:\WINDOWS\System32\OpenSSH\;C:\Program Files (x86)\NVIDIA Corporation\PhysX\Common;C:\Program Files\NVIDIA Corporation\NVIDIA NvDLISR;C:\WINDOWS\system32;C:\WINDOWS;C:\WINDOWS\System32\Wbem;C:\WINDOWS\System32\WindowsPowerShell\v1.0\;C:\WINDOWS\System32\OpenSSH\;C:\Program Files\Common Files\Autodesk Shared\;C:\Program Files\Microsoft SQL Server\120\Tools\Binn\;C:\Program Files\TortoiseSVN\bin;C:\Program Files\Unity\Hub\Editor\2020.3.5f1\Editor\Data\PlaybackEngines\AndroidPlayer\OpenJDK\bin;C:\Users\workstation\AppData\Local\Microsoft\WindowsApps;;C:\Users\workstation\AppData\Local\afreeca
USERNAME=workstation
OS=Windows_NT
PROCESSOR_IDENTIFIER=Intel64 Family 6 Model 151 Stepping 2, GenuineIntel



---------------  S Y S T E M  ---------------

OS: Windows 10.0 , 64 bit Build 22621 (10.0.22621.1635)

CPU:total 12 (initial active 12) (6 cores per cpu, 2 threads per core) family 6 model 151 stepping 2, cmov, cx8, fxsr, mmx, sse, sse2, sse3, ssse3, sse4.1, sse4.2, popcnt, avx, avx2, aes, clmul, erms, 3dnowpref, lzcnt, ht, tsc, tscinvbit, bmi1, bmi2, adx

Memory: 4k page, physical 33410936k(16431064k free), swap 94368300k(6788k free)

vm_info: OpenJDK 64-Bit Server VM (25.71-b00) for windows-amd64 JRE (1.8.0-adoptopenjdk-_2018_05_19_00_59-b00), built on May 19 2018 01:02:12 by "jenkins" with MS VC++ 10.0 (VS2010)

time: Mon May 22 23:19:55 2023
elapsed time: 0 seconds (0d 0h 0m 0s)

