#
# There is insufficient memory for the Java Runtime Environment to continue.
# Native memory allocation (mmap) failed to map 696320 bytes for object start array expansion
# Possible reasons:
#   The system is out of physical RAM or swap space
#   In 32 bit mode, the process size limit was hit
# Possible solutions:
#   Reduce memory load on the system
#   Increase physical memory or swap space
#   Check if swap backing store is full
#   Use 64 bit Java on a 64 bit OS
#   Decrease Java heap size (-Xmx/-Xms)
#   Decrease number of Java threads
#   Decrease Java thread stack sizes (-Xss)
#   Set larger code cache with -XX:ReservedCodeCacheSize=
# This output file may be truncated or incomplete.
#
#  Out of Memory Error (objectStartArray.cpp:102), pid=51168, tid=0x0000000000008944
#
# JRE version:  (8.0) (build )
# Java VM: OpenJDK 64-Bit Server VM (25.71-b00 mixed mode windows-amd64 compressed oops)
# Failed to write core dump. Minidumps are not enabled by default on client versions of Windows
#

---------------  T H R E A D  ---------------

Current thread (0x0000000002962800):  JavaThread "Unknown thread" [_thread_in_vm, id=35140, stack(0x0000000002860000,0x0000000002960000)]

Stack: [0x0000000002860000,0x0000000002960000]
[error occurred during error reporting (printing stack bounds), id 0xc0000005]

Native frames: (J=compiled Java code, j=interpreted, Vv=VM code, C=native code)


---------------  P R O C E S S  ---------------

Java Threads: ( => current thread )

Other Threads:

=>0x0000000002962800 (exited) JavaThread "Unknown thread" [_thread_in_vm, id=35140, stack(0x0000000002860000,0x0000000002960000)]

VM state:not at safepoint (not fully initialized)

VM Mutex/Monitor currently owned by a thread: None

GC Heap History (0 events):
No events

Deoptimization events (0 events):
No events

Classes redefined (0 events):
No events

Internal exceptions (0 events):
No events

Events (0 events):
No events


Dynamic libraries:
0x00007ff6512d0000 - 0x00007ff651305000 	C:\Program Files\Unity\Hub\Editor\2021.3.14f1\Editor\Data\PlaybackEngines\AndroidPlayer\OpenJDK\bin\java.exe
0x00007ffd216b0000 - 0x00007ffd218c4000 	C:\WINDOWS\SYSTEM32\ntdll.dll
0x00007ffd20600000 - 0x00007ffd206c3000 	C:\WINDOWS\System32\KERNEL32.DLL
0x00007ffd1eb70000 - 0x00007ffd1ef0c000 	C:\WINDOWS\System32\KERNELBASE.dll
0x00007ffd1f940000 - 0x00007ffd1f9ee000 	C:\WINDOWS\System32\ADVAPI32.dll
0x00007ffd20730000 - 0x00007ffd207d7000 	C:\WINDOWS\System32\msvcrt.dll
0x00007ffd20bc0000 - 0x00007ffd20c64000 	C:\WINDOWS\System32\sechost.dll
0x00007ffd1fe30000 - 0x00007ffd1ff45000 	C:\WINDOWS\System32\RPCRT4.dll
0x00007ffd20c70000 - 0x00007ffd20e1d000 	C:\WINDOWS\System32\USER32.dll
0x00007ffd1f190000 - 0x00007ffd1f1b6000 	C:\WINDOWS\System32\win32u.dll
0x00007ffd20540000 - 0x00007ffd20569000 	C:\WINDOWS\System32\GDI32.dll
0x00007ffd1f3a0000 - 0x00007ffd1f4b3000 	C:\WINDOWS\System32\gdi32full.dll
0x00007ffd1ef10000 - 0x00007ffd1efaa000 	C:\WINDOWS\System32\msvcp_win.dll
0x00007ffd1f1c0000 - 0x00007ffd1f2d1000 	C:\WINDOWS\System32\ucrtbase.dll
0x00007ffd0d670000 - 0x00007ffd0d8fe000 	C:\WINDOWS\WinSxS\amd64_microsoft.windows.common-controls_6595b64144ccf1df_6.0.22621.608_none_a9444ca7c10bb01d\COMCTL32.dll
0x00007ffd21630000 - 0x00007ffd21661000 	C:\WINDOWS\System32\IMM32.DLL
0x0000000074b00000 - 0x0000000074bd2000 	C:\Program Files\Unity\Hub\Editor\2021.3.14f1\Editor\Data\PlaybackEngines\AndroidPlayer\OpenJDK\jre\bin\msvcr100.dll
0x00000000742b0000 - 0x0000000074af9000 	C:\Program Files\Unity\Hub\Editor\2021.3.14f1\Editor\Data\PlaybackEngines\AndroidPlayer\OpenJDK\jre\bin\server\jvm.dll
0x00007ffd20e20000 - 0x00007ffd20e28000 	C:\WINDOWS\System32\PSAPI.DLL
0x00007ffc75e20000 - 0x00007ffc75e29000 	C:\WINDOWS\SYSTEM32\WSOCK32.dll
0x00007ffd18850000 - 0x00007ffd1885a000 	C:\WINDOWS\SYSTEM32\VERSION.dll
0x00007ffd1ff70000 - 0x00007ffd1ffe1000 	C:\WINDOWS\System32\WS2_32.dll
0x00007ffd14710000 - 0x00007ffd14744000 	C:\WINDOWS\SYSTEM32\WINMM.dll
0x00007ffd0ace0000 - 0x00007ffd0acef000 	C:\Program Files\Unity\Hub\Editor\2021.3.14f1\Editor\Data\PlaybackEngines\AndroidPlayer\OpenJDK\jre\bin\verify.dll
0x00007ffcfeb30000 - 0x00007ffcfeb59000 	C:\Program Files\Unity\Hub\Editor\2021.3.14f1\Editor\Data\PlaybackEngines\AndroidPlayer\OpenJDK\jre\bin\java.dll
0x00007ffcfeb10000 - 0x00007ffcfeb26000 	C:\Program Files\Unity\Hub\Editor\2021.3.14f1\Editor\Data\PlaybackEngines\AndroidPlayer\OpenJDK\jre\bin\zip.dll

VM Arguments:
jvm_args: -Dfile.encoding=UTF-8 
java_command: <unknown>
java_class_path (initial): .
Launcher Type: SUN_STANDARD

Environment Variables:
JAVA_HOME=C:\Program Files\Unity\Hub\Editor\2021.3.14f1\Editor\Data\PlaybackEngines\AndroidPlayer\OpenJDK
JAVA_TOOL_OPTIONS=-Dfile.encoding=UTF-8
PATH=C:\WINDOWS\system32;C:\WINDOWS;C:\WINDOWS\System32\Wbem;C:\WINDOWS\System32\WindowsPowerShell\v1.0\;C:\WINDOWS\System32\OpenSSH\;C:\Program Files (x86)\NVIDIA Corporation\PhysX\Common;C:\Program Files\NVIDIA Corporation\NVIDIA NvDLISR;C:\WINDOWS\system32;C:\WINDOWS;C:\WINDOWS\System32\Wbem;C:\WINDOWS\System32\WindowsPowerShell\v1.0\;C:\WINDOWS\System32\OpenSSH\;C:\Program Files\Common Files\Autodesk Shared\;C:\Program Files\Microsoft SQL Server\120\Tools\Binn\;C:\Program Files\TortoiseSVN\bin;C:\Program Files\Unity\Hub\Editor\2020.3.5f1\Editor\Data\PlaybackEngines\AndroidPlayer\OpenJDK\bin;C:\Users\workstation\AppData\Local\Microsoft\WindowsApps;;C:\Users\workstation\AppData\Local\afreeca
USERNAME=workstation
OS=Windows_NT
PROCESSOR_IDENTIFIER=Intel64 Family 6 Model 151 Stepping 2, GenuineIntel



---------------  S Y S T E M  ---------------

OS: Windows 10.0 , 64 bit Build 22621 (10.0.22621.1344)

CPU:total 12 (initial active 12) (6 cores per cpu, 2 threads per core) family 6 model 151 stepping 2, cmov, cx8, fxsr, mmx, sse, sse2, sse3, ssse3, sse4.1, sse4.2, popcnt, avx, avx2, aes, clmul, erms, 3dnowpref, lzcnt, ht, tsc, tscinvbit, bmi1, bmi2, adx

Memory: 4k page, physical 33410936k(11430180k free), swap 94368300k(6804k free)

vm_info: OpenJDK 64-Bit Server VM (25.71-b00) for windows-amd64 JRE (1.8.0-adoptopenjdk-_2018_05_19_00_59-b00), built on May 19 2018 01:02:12 by "jenkins" with MS VC++ 10.0 (VS2010)

time: Mon Apr 10 00:51:30 2023
elapsed time: 0 seconds (0d 0h 0m 0s)

